<?xml version="1.0" encoding="UTF-8"?>
<coverage generated="1694440336152" clover="3.2.0">
  <project timestamp="1694440336152" name="All files">
    <metrics statements="76" coveredstatements="74" conditionals="83" coveredconditionals="65" methods="8" coveredmethods="8" elements="167" coveredelements="147" complexity="0" loc="76" ncloc="76" packages="1" files="1" classes="1"/>
    <file name="eraro.js" path="/Users/richard/Projects/rjrodger/eraro/eraro.js">
      <metrics statements="76" coveredstatements="74" conditionals="83" coveredconditionals="65" methods="8" coveredmethods="8"/>
      <line num="9" count="1" type="stmt"/>
      <line num="12" count="1" type="stmt"/>
      <line num="43" count="3" type="cond" truecount="1" falsecount="1"/>
      <line num="46" count="3" type="cond" truecount="2" falsecount="0"/>
      <line num="54" count="3" type="cond" truecount="1" falsecount="1"/>
      <line num="55" count="3" type="cond" truecount="2" falsecount="0"/>
      <line num="56" count="3" type="cond" truecount="2" falsecount="0"/>
      <line num="57" count="3" type="cond" truecount="1" falsecount="1"/>
      <line num="59" count="3" type="stmt"/>
      <line num="61" count="3" type="stmt"/>
      <line num="62" count="3" type="cond" truecount="1" falsecount="1"/>
      <line num="63" count="3" type="stmt"/>
      <line num="66" count="3" type="stmt"/>
      <line num="67" count="14" type="cond" truecount="2" falsecount="0"/>
      <line num="68" count="5" type="cond" truecount="4" falsecount="0"/>
      <line num="69" count="1" type="stmt"/>
      <line num="73" count="9" type="stmt"/>
      <line num="74" count="9" type="stmt"/>
      <line num="75" count="9" type="stmt"/>
      <line num="76" count="9" type="stmt"/>
      <line num="79" count="13" type="stmt"/>
      <line num="90" count="13" type="stmt"/>
      <line num="97" count="13" type="cond" truecount="2" falsecount="0"/>
      <line num="98" count="4" type="stmt"/>
      <line num="99" count="4" type="stmt"/>
      <line num="102" count="13" type="cond" truecount="2" falsecount="0"/>
      <line num="103" count="13" type="stmt"/>
      <line num="114" count="13" type="stmt"/>
      <line num="116" count="13" type="cond" truecount="2" falsecount="0"/>
      <line num="117" count="4" type="cond" truecount="1" falsecount="1"/>
      <line num="118" count="4" type="stmt"/>
      <line num="122" count="4" type="stmt"/>
      <line num="123" count="0" type="stmt"/>
      <line num="127" count="13" type="stmt"/>
      <line num="129" count="13" type="stmt"/>
      <line num="130" count="13" type="stmt"/>
      <line num="131" count="13" type="stmt"/>
      <line num="132" count="13" type="stmt"/>
      <line num="133" count="13" type="stmt"/>
      <line num="134" count="13" type="stmt"/>
      <line num="136" count="13" type="cond" truecount="2" falsecount="0"/>
      <line num="137" count="13" type="cond" truecount="2" falsecount="0"/>
      <line num="139" count="13" type="stmt"/>
      <line num="142" count="3" type="stmt"/>
      <line num="144" count="3" type="stmt"/>
      <line num="145" count="2" type="stmt"/>
      <line num="148" count="3" type="stmt"/>
      <line num="159" count="13" type="cond" truecount="1" falsecount="1"/>
      <line num="161" count="13" type="cond" truecount="1" falsecount="1"/>
      <line num="162" count="13" type="stmt"/>
      <line num="164" count="13" type="cond" truecount="1" falsecount="1"/>
      <line num="165" count="13" type="stmt"/>
      <line num="166" count="13" type="stmt"/>
      <line num="168" count="13" type="stmt"/>
      <line num="169" count="22" type="stmt"/>
      <line num="171" count="22" type="stmt"/>
      <line num="172" count="22" type="stmt"/>
      <line num="173" count="35" type="cond" truecount="1" falsecount="1"/>
      <line num="174" count="35" type="stmt"/>
      <line num="175" count="35" type="cond" truecount="2" falsecount="0"/>
      <line num="179" count="22" type="cond" truecount="2" falsecount="0"/>
      <line num="182" count="13" type="cond" truecount="1" falsecount="1"/>
      <line num="185" count="13" type="stmt"/>
      <line num="215" count="13" type="stmt"/>
      <line num="225" count="13" type="stmt"/>
      <line num="227" count="13" type="stmt"/>
      <line num="228" count="6" type="stmt"/>
      <line num="229" count="6" type="cond" truecount="4" falsecount="0"/>
      <line num="233" count="6" type="stmt"/>
      <line num="236" count="13" type="stmt"/>
      <line num="241" count="1" type="stmt"/>
      <line num="242" count="1" type="stmt"/>
      <line num="246" count="0" type="stmt"/>
      <line num="251" count="3" type="cond" truecount="1" falsecount="1"/>
      <line num="253" count="3" type="cond" truecount="2" falsecount="3"/>
      <line num="255" count="3" type="stmt"/>
    </file>
  </project>
</coverage>
