<?xml version="1.0" encoding="UTF-8"?>
<coverage generated="1771414175870" clover="3.2.0">
  <project timestamp="1771414175870" name="All files">
    <metrics statements="77" coveredstatements="75" conditionals="83" coveredconditionals="64" methods="8" coveredmethods="8" elements="168" coveredelements="147" complexity="0" loc="77" ncloc="77" packages="1" files="1" classes="1"/>
    <file name="eraro.js" path="/Users/richard/Projects/rjrodger/eraro/eraro.js">
      <metrics statements="77" coveredstatements="75" conditionals="83" coveredconditionals="64" methods="8" coveredmethods="8"/>
      <line num="9" count="1" type="stmt"/>
      <line num="13" count="1" type="cond" truecount="1" falsecount="1"/>
      <line num="18" count="1" type="stmt"/>
      <line num="49" count="3" type="cond" truecount="1" falsecount="1"/>
      <line num="52" count="3" type="cond" truecount="2" falsecount="0"/>
      <line num="60" count="3" type="cond" truecount="1" falsecount="1"/>
      <line num="61" count="3" type="cond" truecount="2" falsecount="0"/>
      <line num="62" count="3" type="cond" truecount="2" falsecount="0"/>
      <line num="63" count="3" type="cond" truecount="1" falsecount="1"/>
      <line num="65" count="3" type="stmt"/>
      <line num="67" count="3" type="stmt"/>
      <line num="68" count="3" type="cond" truecount="1" falsecount="1"/>
      <line num="69" count="3" type="stmt"/>
      <line num="72" count="3" type="stmt"/>
      <line num="73" count="14" type="cond" truecount="2" falsecount="0"/>
      <line num="74" count="5" type="cond" truecount="4" falsecount="0"/>
      <line num="75" count="1" type="stmt"/>
      <line num="78" count="9" type="stmt"/>
      <line num="79" count="9" type="stmt"/>
      <line num="80" count="9" type="stmt"/>
      <line num="81" count="9" type="stmt"/>
      <line num="84" count="13" type="stmt"/>
      <line num="95" count="13" type="stmt"/>
      <line num="98" count="13" type="cond" truecount="2" falsecount="0"/>
      <line num="99" count="4" type="stmt"/>
      <line num="100" count="4" type="stmt"/>
      <line num="103" count="13" type="cond" truecount="2" falsecount="0"/>
      <line num="104" count="13" type="stmt"/>
      <line num="115" count="13" type="stmt"/>
      <line num="117" count="13" type="cond" truecount="2" falsecount="0"/>
      <line num="118" count="4" type="cond" truecount="1" falsecount="1"/>
      <line num="119" count="4" type="stmt"/>
      <line num="123" count="4" type="stmt"/>
      <line num="124" count="0" type="stmt"/>
      <line num="128" count="13" type="stmt"/>
      <line num="130" count="13" type="stmt"/>
      <line num="131" count="13" type="stmt"/>
      <line num="132" count="13" type="stmt"/>
      <line num="133" count="13" type="stmt"/>
      <line num="134" count="13" type="stmt"/>
      <line num="135" count="13" type="stmt"/>
      <line num="137" count="13" type="cond" truecount="2" falsecount="0"/>
      <line num="138" count="13" type="cond" truecount="2" falsecount="0"/>
      <line num="140" count="13" type="stmt"/>
      <line num="143" count="3" type="stmt"/>
      <line num="145" count="3" type="stmt"/>
      <line num="146" count="2" type="stmt"/>
      <line num="149" count="3" type="stmt"/>
      <line num="160" count="13" type="cond" truecount="1" falsecount="1"/>
      <line num="162" count="13" type="cond" truecount="1" falsecount="1"/>
      <line num="163" count="13" type="stmt"/>
      <line num="165" count="13" type="cond" truecount="1" falsecount="1"/>
      <line num="166" count="13" type="stmt"/>
      <line num="167" count="13" type="stmt"/>
      <line num="169" count="13" type="stmt"/>
      <line num="170" count="22" type="stmt"/>
      <line num="172" count="22" type="stmt"/>
      <line num="173" count="22" type="stmt"/>
      <line num="174" count="35" type="cond" truecount="1" falsecount="1"/>
      <line num="175" count="35" type="stmt"/>
      <line num="176" count="35" type="cond" truecount="2" falsecount="0"/>
      <line num="180" count="22" type="cond" truecount="2" falsecount="0"/>
      <line num="183" count="13" type="cond" truecount="1" falsecount="1"/>
      <line num="186" count="13" type="stmt"/>
      <line num="216" count="13" type="stmt"/>
      <line num="226" count="13" type="stmt"/>
      <line num="228" count="13" type="stmt"/>
      <line num="229" count="6" type="stmt"/>
      <line num="230" count="6" type="cond" truecount="4" falsecount="0"/>
      <line num="232" count="6" type="stmt"/>
      <line num="235" count="13" type="stmt"/>
      <line num="239" count="1" type="stmt"/>
      <line num="240" count="1" type="stmt"/>
      <line num="244" count="0" type="stmt"/>
      <line num="249" count="3" type="cond" truecount="1" falsecount="1"/>
      <line num="251" count="3" type="cond" truecount="2" falsecount="3"/>
      <line num="253" count="3" type="stmt"/>
    </file>
  </project>
</coverage>
