{"/Users/richard/Projects/rjrodger/eraro/eraro.js": {"path":"/Users/richard/Projects/rjrodger/eraro/eraro.js","statementMap":{"0":{"start":{"line":9,"column":13},"end":{"line":9,"column":28}},"1":{"start":{"line":12,"column":0},"end":{"line":12,"column":22}},"2":{"start":{"line":43,"column":2},"end":{"line":43,"column":25}},"3":{"start":{"line":46,"column":4},"end":{"line":52,"column":10}},"4":{"start":{"line":54,"column":14},"end":{"line":54,"column":42}},"5":{"start":{"line":55,"column":21},"end":{"line":55,"column":45}},"6":{"start":{"line":56,"column":17},"end":{"line":56,"column":37}},"7":{"start":{"line":57,"column":18},"end":{"line":57,"column":68}},"8":{"start":{"line":59,"column":18},"end":{"line":59,"column":35}},"9":{"start":{"line":61,"column":19},"end":{"line":61,"column":38}},"10":{"start":{"line":62,"column":2},"end":{"line":64,"column":3}},"11":{"start":{"line":63,"column":4},"end":{"line":63,"column":26}},"12":{"start":{"line":66,"column":21},"end":{"line":140,"column":3}},"13":{"start":{"line":67,"column":4},"end":{"line":77,"column":5}},"14":{"start":{"line":68,"column":6},"end":{"line":70,"column":7}},"15":{"start":{"line":69,"column":8},"end":{"line":69,"column":17}},"16":{"start":{"line":73,"column":6},"end":{"line":73,"column":15}},"17":{"start":{"line":74,"column":6},"end":{"line":74,"column":25}},"18":{"start":{"line":75,"column":6},"end":{"line":75,"column":24}},"19":{"start":{"line":76,"column":6},"end":{"line":76,"column":28}},"20":{"start":{"line":79,"column":4},"end":{"line":88,"column":19}},"21":{"start":{"line":90,"column":4},"end":{"line":95,"column":12}},"22":{"start":{"line":97,"column":4},"end":{"line":100,"column":5}},"23":{"start":{"line":98,"column":6},"end":{"line":98,"column":33}},"24":{"start":{"line":99,"column":6},"end":{"line":99,"column":46}},"25":{"start":{"line":102,"column":4},"end":{"line":102,"column":46}},"26":{"start":{"line":103,"column":4},"end":{"line":112,"column":5}},"27":{"start":{"line":114,"column":16},"end":{"line":114,"column":30}},"28":{"start":{"line":116,"column":4},"end":{"line":125,"column":5}},"29":{"start":{"line":117,"column":6},"end":{"line":117,"column":64}},"30":{"start":{"line":118,"column":6},"end":{"line":119,"column":64}},"31":{"start":{"line":122,"column":6},"end":{"line":124,"column":7}},"32":{"start":{"line":123,"column":8},"end":{"line":123,"column":22}},"33":{"start":{"line":127,"column":4},"end":{"line":127,"column":20}},"34":{"start":{"line":129,"column":4},"end":{"line":129,"column":17}},"35":{"start":{"line":130,"column":4},"end":{"line":130,"column":19}},"36":{"start":{"line":131,"column":4},"end":{"line":131,"column":19}},"37":{"start":{"line":132,"column":4},"end":{"line":132,"column":21}},"38":{"start":{"line":133,"column":4},"end":{"line":133,"column":17}},"39":{"start":{"line":134,"column":4},"end":{"line":134,"column":25}},"40":{"start":{"line":136,"column":4},"end":{"line":136,"column":41}},"41":{"start":{"line":137,"column":4},"end":{"line":137,"column":62}},"42":{"start":{"line":139,"column":4},"end":{"line":139,"column":14}},"43":{"start":{"line":142,"column":2},"end":{"line":142,"column":34}},"44":{"start":{"line":144,"column":2},"end":{"line":146,"column":3}},"45":{"start":{"line":145,"column":4},"end":{"line":145,"column":25}},"46":{"start":{"line":148,"column":2},"end":{"line":148,"column":19}},"47":{"start":{"line":159,"column":2},"end":{"line":159,"column":49}},"48":{"start":{"line":161,"column":16},"end":{"line":161,"column":42}},"49":{"start":{"line":162,"column":12},"end":{"line":162,"column":14}},"50":{"start":{"line":164,"column":2},"end":{"line":183,"column":3}},"51":{"start":{"line":165,"column":18},"end":{"line":165,"column":35}},"52":{"start":{"line":166,"column":12},"end":{"line":166,"column":13}},"53":{"start":{"line":168,"column":4},"end":{"line":180,"column":5}},"54":{"start":{"line":168,"column":15},"end":{"line":180,"column":5}},"55":{"start":{"line":169,"column":19},"end":{"line":169,"column":27}},"56":{"start":{"line":171,"column":18},"end":{"line":171,"column":23}},"57":{"start":{"line":172,"column":6},"end":{"line":177,"column":7}},"58":{"start":{"line":172,"column":19},"end":{"line":172,"column":20}},"59":{"start":{"line":173,"column":8},"end":{"line":176,"column":9}},"60":{"start":{"line":174,"column":10},"end":{"line":174,"column":48}},"61":{"start":{"line":175,"column":10},"end":{"line":175,"column":26}},"62":{"start":{"line":175,"column":21},"end":{"line":175,"column":26}},"63":{"start":{"line":179,"column":6},"end":{"line":179,"column":33}},"64":{"start":{"line":179,"column":18},"end":{"line":179,"column":33}},"65":{"start":{"line":182,"column":4},"end":{"line":182,"column":68}},"66":{"start":{"line":185,"column":2},"end":{"line":185,"column":12}},"67":{"start":{"line":215,"column":4},"end":{"line":222,"column":13}},"68":{"start":{"line":225,"column":15},"end":{"line":225,"column":57}},"69":{"start":{"line":227,"column":2},"end":{"line":234,"column":4}},"70":{"start":{"line":228,"column":14},"end":{"line":228,"column":24}},"71":{"start":{"line":229,"column":4},"end":{"line":231,"column":11}},"72":{"start":{"line":233,"column":4},"end":{"line":233,"column":14}},"73":{"start":{"line":236,"column":2},"end":{"line":236,"column":16}},"74":{"start":{"line":241,"column":2},"end":{"line":247,"column":3}},"75":{"start":{"line":242,"column":4},"end":{"line":243,"column":32}},"76":{"start":{"line":246,"column":4},"end":{"line":246,"column":17}},"77":{"start":{"line":251,"column":2},"end":{"line":251,"column":17}},"78":{"start":{"line":251,"column":11},"end":{"line":251,"column":17}},"79":{"start":{"line":253,"column":2},"end":{"line":253,"column":61}},"80":{"start":{"line":253,"column":39},"end":{"line":253,"column":61}},"81":{"start":{"line":255,"column":2},"end":{"line":255,"column":19}}},"fnMap":{"0":{"name":"eraro","decl":{"start":{"line":42,"column":9},"end":{"line":42,"column":14}},"loc":{"start":{"line":42,"column":24},"end":{"line":149,"column":1}},"line":42},"1":{"name":"(anonymous_1)","decl":{"start":{"line":66,"column":21},"end":{"line":66,"column":22}},"loc":{"start":{"line":66,"column":54},"end":{"line":140,"column":3}},"line":66},"2":{"name":"(anonymous_2)","decl":{"start":{"line":144,"column":19},"end":{"line":144,"column":20}},"loc":{"start":{"line":144,"column":34},"end":{"line":146,"column":3}},"line":144},"3":{"name":"callpoint","decl":{"start":{"line":158,"column":9},"end":{"line":158,"column":18}},"loc":{"start":{"line":158,"column":35},"end":{"line":186,"column":1}},"line":158},"4":{"name":"buildmessage","decl":{"start":{"line":204,"column":9},"end":{"line":204,"column":21}},"loc":{"start":{"line":213,"column":2},"end":{"line":237,"column":1}},"line":213},"5":{"name":"(anonymous_5)","decl":{"start":{"line":227,"column":48},"end":{"line":227,"column":49}},"loc":{"start":{"line":227,"column":56},"end":{"line":234,"column":3}},"line":227},"6":{"name":"stringify","decl":{"start":{"line":240,"column":9},"end":{"line":240,"column":18}},"loc":{"start":{"line":240,"column":24},"end":{"line":248,"column":1}},"line":240},"7":{"name":"originalmsg","decl":{"start":{"line":250,"column":9},"end":{"line":250,"column":20}},"loc":{"start":{"line":250,"column":35},"end":{"line":256,"column":1}},"line":250}},"branchMap":{"0":{"loc":{"start":{"line":43,"column":12},"end":{"line":43,"column":25}},"type":"binary-expr","locations":[{"start":{"line":43,"column":12},"end":{"line":43,"column":19}},{"start":{"line":43,"column":23},"end":{"line":43,"column":25}}],"line":43},"1":{"loc":{"start":{"line":46,"column":4},"end":{"line":52,"column":10}},"type":"cond-expr","locations":[{"start":{"line":47,"column":8},"end":{"line":47,"column":10}},{"start":{"line":48,"column":8},"end":{"line":52,"column":10}}],"line":46},"2":{"loc":{"start":{"line":48,"column":8},"end":{"line":52,"column":10}},"type":"cond-expr","locations":[{"start":{"line":49,"column":8},"end":{"line":49,"column":22}},{"start":{"line":50,"column":8},"end":{"line":52,"column":10}}],"line":48},"3":{"loc":{"start":{"line":50,"column":8},"end":{"line":52,"column":10}},"type":"cond-expr","locations":[{"start":{"line":51,"column":8},"end":{"line":51,"column":30}},{"start":{"line":52,"column":8},"end":{"line":52,"column":10}}],"line":50},"4":{"loc":{"start":{"line":54,"column":14},"end":{"line":54,"column":42}},"type":"binary-expr","locations":[{"start":{"line":54,"column":14},"end":{"line":54,"column":29}},{"start":{"line":54,"column":33},"end":{"line":54,"column":42}}],"line":54},"5":{"loc":{"start":{"line":55,"column":21},"end":{"line":55,"column":45}},"type":"binary-expr","locations":[{"start":{"line":55,"column":21},"end":{"line":55,"column":35}},{"start":{"line":55,"column":39},"end":{"line":55,"column":45}}],"line":55},"6":{"loc":{"start":{"line":56,"column":17},"end":{"line":56,"column":37}},"type":"binary-expr","locations":[{"start":{"line":56,"column":17},"end":{"line":56,"column":31}},{"start":{"line":56,"column":35},"end":{"line":56,"column":37}}],"line":56},"7":{"loc":{"start":{"line":57,"column":18},"end":{"line":57,"column":68}},"type":"cond-expr","locations":[{"start":{"line":57,"column":44},"end":{"line":57,"column":48}},{"start":{"line":57,"column":51},"end":{"line":57,"column":68}}],"line":57},"8":{"loc":{"start":{"line":62,"column":2},"end":{"line":64,"column":3}},"type":"if","locations":[{"start":{"line":62,"column":2},"end":{"line":64,"column":3}},{"start":{},"end":{}}],"line":62},"9":{"loc":{"start":{"line":67,"column":4},"end":{"line":77,"column":5}},"type":"if","locations":[{"start":{"line":67,"column":4},"end":{"line":77,"column":5}},{"start":{"line":72,"column":9},"end":{"line":77,"column":5}}],"line":67},"10":{"loc":{"start":{"line":68,"column":6},"end":{"line":70,"column":7}},"type":"if","locations":[{"start":{"line":68,"column":6},"end":{"line":70,"column":7}},{"start":{},"end":{}}],"line":68},"11":{"loc":{"start":{"line":68,"column":10},"end":{"line":68,"column":39}},"type":"binary-expr","locations":[{"start":{"line":68,"column":10},"end":{"line":68,"column":18}},{"start":{"line":68,"column":22},"end":{"line":68,"column":39}}],"line":68},"12":{"loc":{"start":{"line":80,"column":6},"end":{"line":88,"column":19}},"type":"cond-expr","locations":[{"start":{"line":81,"column":10},"end":{"line":81,"column":14}},{"start":{"line":82,"column":10},"end":{"line":88,"column":19}}],"line":80},"13":{"loc":{"start":{"line":82,"column":10},"end":{"line":88,"column":19}},"type":"cond-expr","locations":[{"start":{"line":83,"column":10},"end":{"line":87,"column":21}},{"start":{"line":88,"column":10},"end":{"line":88,"column":19}}],"line":82},"14":{"loc":{"start":{"line":83,"column":10},"end":{"line":87,"column":21}},"type":"cond-expr","locations":[{"start":{"line":84,"column":12},"end":{"line":84,"column":19}},{"start":{"line":85,"column":12},"end":{"line":87,"column":21}}],"line":83},"15":{"loc":{"start":{"line":85,"column":12},"end":{"line":87,"column":21}},"type":"cond-expr","locations":[{"start":{"line":86,"column":12},"end":{"line":86,"column":22}},{"start":{"line":87,"column":12},"end":{"line":87,"column":21}}],"line":85},"16":{"loc":{"start":{"line":91,"column":6},"end":{"line":95,"column":12}},"type":"cond-expr","locations":[{"start":{"line":92,"column":10},"end":{"line":92,"column":17}},{"start":{"line":93,"column":10},"end":{"line":95,"column":12}}],"line":91},"17":{"loc":{"start":{"line":93,"column":10},"end":{"line":95,"column":12}},"type":"cond-expr","locations":[{"start":{"line":94,"column":10},"end":{"line":94,"column":13}},{"start":{"line":95,"column":10},"end":{"line":95,"column":12}}],"line":93},"18":{"loc":{"start":{"line":93,"column":10},"end":{"line":93,"column":60}},"type":"binary-expr","locations":[{"start":{"line":93,"column":10},"end":{"line":93,"column":33}},{"start":{"line":93,"column":37},"end":{"line":93,"column":60}}],"line":93},"19":{"loc":{"start":{"line":97,"column":4},"end":{"line":100,"column":5}},"type":"if","locations":[{"start":{"line":97,"column":4},"end":{"line":100,"column":5}},{"start":{},"end":{}}],"line":97},"20":{"loc":{"start":{"line":102,"column":10},"end":{"line":102,"column":46}},"type":"cond-expr","locations":[{"start":{"line":102,"column":36},"end":{"line":102,"column":39}},{"start":{"line":102,"column":42},"end":{"line":102,"column":46}}],"line":102},"21":{"loc":{"start":{"line":116,"column":4},"end":{"line":125,"column":5}},"type":"if","locations":[{"start":{"line":116,"column":4},"end":{"line":125,"column":5}},{"start":{},"end":{}}],"line":116},"22":{"loc":{"start":{"line":117,"column":22},"end":{"line":117,"column":64}},"type":"cond-expr","locations":[{"start":{"line":117,"column":46},"end":{"line":117,"column":48}},{"start":{"line":117,"column":51},"end":{"line":117,"column":64}}],"line":117},"23":{"loc":{"start":{"line":119,"column":8},"end":{"line":119,"column":64}},"type":"cond-expr","locations":[{"start":{"line":119,"column":35},"end":{"line":119,"column":45}},{"start":{"line":119,"column":48},"end":{"line":119,"column":64}}],"line":119},"24":{"loc":{"start":{"line":136,"column":16},"end":{"line":136,"column":41}},"type":"cond-expr","locations":[{"start":{"line":136,"column":21},"end":{"line":136,"column":29}},{"start":{"line":136,"column":32},"end":{"line":136,"column":41}}],"line":136},"25":{"loc":{"start":{"line":137,"column":20},"end":{"line":137,"column":62}},"type":"binary-expr","locations":[{"start":{"line":137,"column":20},"end":{"line":137,"column":35}},{"start":{"line":137,"column":39},"end":{"line":137,"column":62}}],"line":137},"26":{"loc":{"start":{"line":159,"column":12},"end":{"line":159,"column":49}},"type":"cond-expr","locations":[{"start":{"line":159,"column":37},"end":{"line":159,"column":44}},{"start":{"line":159,"column":47},"end":{"line":159,"column":49}}],"line":159},"27":{"loc":{"start":{"line":161,"column":16},"end":{"line":161,"column":42}},"type":"cond-expr","locations":[{"start":{"line":161,"column":24},"end":{"line":161,"column":35}},{"start":{"line":161,"column":38},"end":{"line":161,"column":42}}],"line":161},"28":{"loc":{"start":{"line":164,"column":2},"end":{"line":183,"column":3}},"type":"if","locations":[{"start":{"line":164,"column":2},"end":{"line":183,"column":3}},{"start":{},"end":{}}],"line":164},"29":{"loc":{"start":{"line":173,"column":8},"end":{"line":176,"column":9}},"type":"if","locations":[{"start":{"line":173,"column":8},"end":{"line":176,"column":9}},{"start":{},"end":{}}],"line":173},"30":{"loc":{"start":{"line":175,"column":10},"end":{"line":175,"column":26}},"type":"if","locations":[{"start":{"line":175,"column":10},"end":{"line":175,"column":26}},{"start":{},"end":{}}],"line":175},"31":{"loc":{"start":{"line":179,"column":6},"end":{"line":179,"column":33}},"type":"if","locations":[{"start":{"line":179,"column":6},"end":{"line":179,"column":33}},{"start":{},"end":{}}],"line":179},"32":{"loc":{"start":{"line":182,"column":10},"end":{"line":182,"column":68}},"type":"cond-expr","locations":[{"start":{"line":182,"column":41},"end":{"line":182,"column":62}},{"start":{"line":182,"column":65},"end":{"line":182,"column":68}}],"line":182},"33":{"loc":{"start":{"line":216,"column":5},"end":{"line":222,"column":12}},"type":"cond-expr","locations":[{"start":{"line":217,"column":8},"end":{"line":217,"column":11}},{"start":{"line":218,"column":8},"end":{"line":222,"column":12}}],"line":216},"34":{"loc":{"start":{"line":218,"column":8},"end":{"line":222,"column":12}},"type":"cond-expr","locations":[{"start":{"line":219,"column":8},"end":{"line":219,"column":20}},{"start":{"line":220,"column":8},"end":{"line":222,"column":12}}],"line":218},"35":{"loc":{"start":{"line":220,"column":8},"end":{"line":222,"column":12}},"type":"cond-expr","locations":[{"start":{"line":221,"column":8},"end":{"line":221,"column":41}},{"start":{"line":222,"column":8},"end":{"line":222,"column":12}}],"line":220},"36":{"loc":{"start":{"line":229,"column":10},"end":{"line":231,"column":11}},"type":"cond-expr","locations":[{"start":{"line":230,"column":6},"end":{"line":230,"column":20}},{"start":{"line":231,"column":8},"end":{"line":231,"column":11}}],"line":229},"37":{"loc":{"start":{"line":229,"column":10},"end":{"line":229,"column":48}},"type":"binary-expr","locations":[{"start":{"line":229,"column":10},"end":{"line":229,"column":33}},{"start":{"line":229,"column":37},"end":{"line":229,"column":48}}],"line":229},"38":{"loc":{"start":{"line":251,"column":2},"end":{"line":251,"column":17}},"type":"if","locations":[{"start":{"line":251,"column":2},"end":{"line":251,"column":17}},{"start":{},"end":{}}],"line":251},"39":{"loc":{"start":{"line":253,"column":2},"end":{"line":253,"column":61}},"type":"if","locations":[{"start":{"line":253,"column":2},"end":{"line":253,"column":61}},{"start":{},"end":{}}],"line":253},"40":{"loc":{"start":{"line":253,"column":6},"end":{"line":253,"column":37}},"type":"binary-expr","locations":[{"start":{"line":253,"column":6},"end":{"line":253,"column":14}},{"start":{"line":253,"column":18},"end":{"line":253,"column":26}},{"start":{"line":253,"column":30},"end":{"line":253,"column":37}}],"line":253}},"s":{"0":1,"1":1,"2":3,"3":3,"4":3,"5":3,"6":3,"7":3,"8":3,"9":3,"10":3,"11":3,"12":3,"13":14,"14":5,"15":1,"16":9,"17":9,"18":9,"19":9,"20":13,"21":13,"22":13,"23":4,"24":4,"25":13,"26":13,"27":13,"28":13,"29":4,"30":4,"31":4,"32":0,"33":13,"34":13,"35":13,"36":13,"37":13,"38":13,"39":13,"40":13,"41":13,"42":13,"43":3,"44":3,"45":2,"46":3,"47":13,"48":13,"49":13,"50":13,"51":13,"52":13,"53":13,"54":13,"55":22,"56":22,"57":22,"58":22,"59":35,"60":35,"61":35,"62":9,"63":22,"64":13,"65":13,"66":13,"67":13,"68":13,"69":13,"70":6,"71":6,"72":6,"73":13,"74":1,"75":1,"76":0,"77":3,"78":0,"79":3,"80":0,"81":3},"f":{"0":3,"1":14,"2":2,"3":13,"4":13,"5":6,"6":1,"7":3},"b":{"0":[3,0],"1":[1,2],"2":[1,1],"3":[1,0],"4":[3,0],"5":[3,3],"6":[3,2],"7":[3,0],"8":[3,0],"9":[5,9],"10":[1,4],"11":[5,1],"12":[11,2],"13":[1,1],"14":[0,1],"15":[1,0],"16":[2,11],"17":[2,9],"18":[11,2],"19":[4,9],"20":[3,10],"21":[4,9],"22":[4,0],"23":[4,0],"24":[4,9],"25":[13,9],"26":[13,0],"27":[13,0],"28":[13,0],"29":[35,0],"30":[9,26],"31":[13,9],"32":[13,0],"33":[3,10],"34":[1,9],"35":[3,6],"36":[1,5],"37":[6,1],"38":[0,3],"39":[0,3],"40":[3,0,0]},"_coverageSchema":"1a1c01bbd47fc00a2c39e90264f33305004495a9","hash":"bf009154a222e9c1f0b8740c83226c9804805a2a"}
}
