{"/Users/richard/Projects/rjrodger/eraro/eraro.js": {"path":"/Users/richard/Projects/rjrodger/eraro/eraro.js","statementMap":{"0":{"start":{"line":9,"column":13},"end":{"line":9,"column":28}},"1":{"start":{"line":13,"column":2},"end":{"line":15,"column":30}},"2":{"start":{"line":18,"column":0},"end":{"line":18,"column":22}},"3":{"start":{"line":49,"column":2},"end":{"line":49,"column":25}},"4":{"start":{"line":52,"column":4},"end":{"line":58,"column":10}},"5":{"start":{"line":60,"column":14},"end":{"line":60,"column":42}},"6":{"start":{"line":61,"column":21},"end":{"line":61,"column":45}},"7":{"start":{"line":62,"column":17},"end":{"line":62,"column":37}},"8":{"start":{"line":63,"column":18},"end":{"line":63,"column":68}},"9":{"start":{"line":65,"column":18},"end":{"line":65,"column":35}},"10":{"start":{"line":67,"column":19},"end":{"line":67,"column":38}},"11":{"start":{"line":68,"column":2},"end":{"line":70,"column":3}},"12":{"start":{"line":69,"column":4},"end":{"line":69,"column":26}},"13":{"start":{"line":72,"column":21},"end":{"line":141,"column":3}},"14":{"start":{"line":73,"column":4},"end":{"line":82,"column":5}},"15":{"start":{"line":74,"column":6},"end":{"line":76,"column":7}},"16":{"start":{"line":75,"column":8},"end":{"line":75,"column":17}},"17":{"start":{"line":78,"column":6},"end":{"line":78,"column":15}},"18":{"start":{"line":79,"column":6},"end":{"line":79,"column":25}},"19":{"start":{"line":80,"column":6},"end":{"line":80,"column":24}},"20":{"start":{"line":81,"column":6},"end":{"line":81,"column":28}},"21":{"start":{"line":84,"column":4},"end":{"line":93,"column":19}},"22":{"start":{"line":95,"column":4},"end":{"line":96,"column":80}},"23":{"start":{"line":98,"column":4},"end":{"line":101,"column":5}},"24":{"start":{"line":99,"column":6},"end":{"line":99,"column":33}},"25":{"start":{"line":100,"column":6},"end":{"line":100,"column":46}},"26":{"start":{"line":103,"column":4},"end":{"line":103,"column":46}},"27":{"start":{"line":104,"column":4},"end":{"line":113,"column":5}},"28":{"start":{"line":115,"column":16},"end":{"line":115,"column":30}},"29":{"start":{"line":117,"column":4},"end":{"line":126,"column":5}},"30":{"start":{"line":118,"column":6},"end":{"line":118,"column":64}},"31":{"start":{"line":119,"column":6},"end":{"line":120,"column":64}},"32":{"start":{"line":123,"column":6},"end":{"line":125,"column":7}},"33":{"start":{"line":124,"column":8},"end":{"line":124,"column":22}},"34":{"start":{"line":128,"column":4},"end":{"line":128,"column":20}},"35":{"start":{"line":130,"column":4},"end":{"line":130,"column":17}},"36":{"start":{"line":131,"column":4},"end":{"line":131,"column":19}},"37":{"start":{"line":132,"column":4},"end":{"line":132,"column":19}},"38":{"start":{"line":133,"column":4},"end":{"line":133,"column":21}},"39":{"start":{"line":134,"column":4},"end":{"line":134,"column":17}},"40":{"start":{"line":135,"column":4},"end":{"line":135,"column":25}},"41":{"start":{"line":137,"column":4},"end":{"line":137,"column":41}},"42":{"start":{"line":138,"column":4},"end":{"line":138,"column":62}},"43":{"start":{"line":140,"column":4},"end":{"line":140,"column":14}},"44":{"start":{"line":143,"column":2},"end":{"line":143,"column":34}},"45":{"start":{"line":145,"column":2},"end":{"line":147,"column":3}},"46":{"start":{"line":146,"column":4},"end":{"line":146,"column":25}},"47":{"start":{"line":149,"column":2},"end":{"line":149,"column":19}},"48":{"start":{"line":160,"column":2},"end":{"line":160,"column":49}},"49":{"start":{"line":162,"column":16},"end":{"line":162,"column":42}},"50":{"start":{"line":163,"column":12},"end":{"line":163,"column":14}},"51":{"start":{"line":165,"column":2},"end":{"line":184,"column":3}},"52":{"start":{"line":166,"column":18},"end":{"line":166,"column":35}},"53":{"start":{"line":167,"column":12},"end":{"line":167,"column":13}},"54":{"start":{"line":169,"column":4},"end":{"line":181,"column":5}},"55":{"start":{"line":169,"column":15},"end":{"line":181,"column":5}},"56":{"start":{"line":170,"column":19},"end":{"line":170,"column":27}},"57":{"start":{"line":172,"column":18},"end":{"line":172,"column":23}},"58":{"start":{"line":173,"column":6},"end":{"line":178,"column":7}},"59":{"start":{"line":173,"column":19},"end":{"line":173,"column":20}},"60":{"start":{"line":174,"column":8},"end":{"line":177,"column":9}},"61":{"start":{"line":175,"column":10},"end":{"line":175,"column":48}},"62":{"start":{"line":176,"column":10},"end":{"line":176,"column":26}},"63":{"start":{"line":176,"column":21},"end":{"line":176,"column":26}},"64":{"start":{"line":180,"column":6},"end":{"line":180,"column":33}},"65":{"start":{"line":180,"column":18},"end":{"line":180,"column":33}},"66":{"start":{"line":183,"column":4},"end":{"line":183,"column":68}},"67":{"start":{"line":186,"column":2},"end":{"line":186,"column":12}},"68":{"start":{"line":216,"column":4},"end":{"line":223,"column":13}},"69":{"start":{"line":226,"column":15},"end":{"line":226,"column":57}},"70":{"start":{"line":228,"column":2},"end":{"line":233,"column":4}},"71":{"start":{"line":229,"column":14},"end":{"line":229,"column":24}},"72":{"start":{"line":230,"column":4},"end":{"line":230,"column":71}},"73":{"start":{"line":232,"column":4},"end":{"line":232,"column":14}},"74":{"start":{"line":235,"column":2},"end":{"line":235,"column":16}},"75":{"start":{"line":239,"column":2},"end":{"line":245,"column":3}},"76":{"start":{"line":240,"column":4},"end":{"line":242,"column":33}},"77":{"start":{"line":244,"column":4},"end":{"line":244,"column":19}},"78":{"start":{"line":249,"column":2},"end":{"line":249,"column":17}},"79":{"start":{"line":249,"column":11},"end":{"line":249,"column":17}},"80":{"start":{"line":251,"column":2},"end":{"line":251,"column":61}},"81":{"start":{"line":251,"column":39},"end":{"line":251,"column":61}},"82":{"start":{"line":253,"column":2},"end":{"line":253,"column":19}}},"fnMap":{"0":{"name":"eraro","decl":{"start":{"line":48,"column":9},"end":{"line":48,"column":14}},"loc":{"start":{"line":48,"column":24},"end":{"line":150,"column":1}},"line":48},"1":{"name":"(anonymous_1)","decl":{"start":{"line":72,"column":21},"end":{"line":72,"column":22}},"loc":{"start":{"line":72,"column":55},"end":{"line":141,"column":3}},"line":72},"2":{"name":"(anonymous_2)","decl":{"start":{"line":145,"column":19},"end":{"line":145,"column":20}},"loc":{"start":{"line":145,"column":35},"end":{"line":147,"column":3}},"line":145},"3":{"name":"callpoint","decl":{"start":{"line":159,"column":9},"end":{"line":159,"column":18}},"loc":{"start":{"line":159,"column":35},"end":{"line":187,"column":1}},"line":159},"4":{"name":"buildmessage","decl":{"start":{"line":205,"column":9},"end":{"line":205,"column":21}},"loc":{"start":{"line":214,"column":2},"end":{"line":236,"column":1}},"line":214},"5":{"name":"(anonymous_5)","decl":{"start":{"line":228,"column":49},"end":{"line":228,"column":50}},"loc":{"start":{"line":228,"column":60},"end":{"line":233,"column":3}},"line":228},"6":{"name":"stringify","decl":{"start":{"line":238,"column":9},"end":{"line":238,"column":18}},"loc":{"start":{"line":238,"column":24},"end":{"line":246,"column":1}},"line":238},"7":{"name":"originalmsg","decl":{"start":{"line":248,"column":9},"end":{"line":248,"column":20}},"loc":{"start":{"line":248,"column":35},"end":{"line":254,"column":1}},"line":248}},"branchMap":{"0":{"loc":{"start":{"line":13,"column":2},"end":{"line":15,"column":30}},"type":"cond-expr","locations":[{"start":{"line":14,"column":6},"end":{"line":14,"column":19}},{"start":{"line":15,"column":6},"end":{"line":15,"column":30}}],"line":13},"1":{"loc":{"start":{"line":49,"column":12},"end":{"line":49,"column":25}},"type":"binary-expr","locations":[{"start":{"line":49,"column":12},"end":{"line":49,"column":19}},{"start":{"line":49,"column":23},"end":{"line":49,"column":25}}],"line":49},"2":{"loc":{"start":{"line":52,"column":4},"end":{"line":58,"column":10}},"type":"cond-expr","locations":[{"start":{"line":53,"column":8},"end":{"line":53,"column":10}},{"start":{"line":54,"column":8},"end":{"line":58,"column":10}}],"line":52},"3":{"loc":{"start":{"line":54,"column":8},"end":{"line":58,"column":10}},"type":"cond-expr","locations":[{"start":{"line":55,"column":8},"end":{"line":55,"column":22}},{"start":{"line":56,"column":8},"end":{"line":58,"column":10}}],"line":54},"4":{"loc":{"start":{"line":56,"column":8},"end":{"line":58,"column":10}},"type":"cond-expr","locations":[{"start":{"line":57,"column":8},"end":{"line":57,"column":30}},{"start":{"line":58,"column":8},"end":{"line":58,"column":10}}],"line":56},"5":{"loc":{"start":{"line":60,"column":14},"end":{"line":60,"column":42}},"type":"binary-expr","locations":[{"start":{"line":60,"column":14},"end":{"line":60,"column":29}},{"start":{"line":60,"column":33},"end":{"line":60,"column":42}}],"line":60},"6":{"loc":{"start":{"line":61,"column":21},"end":{"line":61,"column":45}},"type":"binary-expr","locations":[{"start":{"line":61,"column":21},"end":{"line":61,"column":35}},{"start":{"line":61,"column":39},"end":{"line":61,"column":45}}],"line":61},"7":{"loc":{"start":{"line":62,"column":17},"end":{"line":62,"column":37}},"type":"binary-expr","locations":[{"start":{"line":62,"column":17},"end":{"line":62,"column":31}},{"start":{"line":62,"column":35},"end":{"line":62,"column":37}}],"line":62},"8":{"loc":{"start":{"line":63,"column":18},"end":{"line":63,"column":68}},"type":"cond-expr","locations":[{"start":{"line":63,"column":44},"end":{"line":63,"column":48}},{"start":{"line":63,"column":51},"end":{"line":63,"column":68}}],"line":63},"9":{"loc":{"start":{"line":68,"column":2},"end":{"line":70,"column":3}},"type":"if","locations":[{"start":{"line":68,"column":2},"end":{"line":70,"column":3}},{"start":{},"end":{}}],"line":68},"10":{"loc":{"start":{"line":73,"column":4},"end":{"line":82,"column":5}},"type":"if","locations":[{"start":{"line":73,"column":4},"end":{"line":82,"column":5}},{"start":{"line":77,"column":11},"end":{"line":82,"column":5}}],"line":73},"11":{"loc":{"start":{"line":74,"column":6},"end":{"line":76,"column":7}},"type":"if","locations":[{"start":{"line":74,"column":6},"end":{"line":76,"column":7}},{"start":{},"end":{}}],"line":74},"12":{"loc":{"start":{"line":74,"column":10},"end":{"line":74,"column":39}},"type":"binary-expr","locations":[{"start":{"line":74,"column":10},"end":{"line":74,"column":18}},{"start":{"line":74,"column":22},"end":{"line":74,"column":39}}],"line":74},"13":{"loc":{"start":{"line":85,"column":6},"end":{"line":93,"column":19}},"type":"cond-expr","locations":[{"start":{"line":86,"column":10},"end":{"line":86,"column":14}},{"start":{"line":87,"column":10},"end":{"line":93,"column":19}}],"line":85},"14":{"loc":{"start":{"line":87,"column":10},"end":{"line":93,"column":19}},"type":"cond-expr","locations":[{"start":{"line":88,"column":10},"end":{"line":92,"column":21}},{"start":{"line":93,"column":10},"end":{"line":93,"column":19}}],"line":87},"15":{"loc":{"start":{"line":88,"column":10},"end":{"line":92,"column":21}},"type":"cond-expr","locations":[{"start":{"line":89,"column":12},"end":{"line":89,"column":19}},{"start":{"line":90,"column":12},"end":{"line":92,"column":21}}],"line":88},"16":{"loc":{"start":{"line":90,"column":12},"end":{"line":92,"column":21}},"type":"cond-expr","locations":[{"start":{"line":91,"column":12},"end":{"line":91,"column":22}},{"start":{"line":92,"column":12},"end":{"line":92,"column":21}}],"line":90},"17":{"loc":{"start":{"line":96,"column":6},"end":{"line":96,"column":80}},"type":"cond-expr","locations":[{"start":{"line":96,"column":36},"end":{"line":96,"column":43}},{"start":{"line":96,"column":46},"end":{"line":96,"column":80}}],"line":96},"18":{"loc":{"start":{"line":96,"column":46},"end":{"line":96,"column":80}},"type":"cond-expr","locations":[{"start":{"line":96,"column":72},"end":{"line":96,"column":75}},{"start":{"line":96,"column":78},"end":{"line":96,"column":80}}],"line":96},"19":{"loc":{"start":{"line":98,"column":4},"end":{"line":101,"column":5}},"type":"if","locations":[{"start":{"line":98,"column":4},"end":{"line":101,"column":5}},{"start":{},"end":{}}],"line":98},"20":{"loc":{"start":{"line":103,"column":10},"end":{"line":103,"column":46}},"type":"cond-expr","locations":[{"start":{"line":103,"column":36},"end":{"line":103,"column":39}},{"start":{"line":103,"column":42},"end":{"line":103,"column":46}}],"line":103},"21":{"loc":{"start":{"line":117,"column":4},"end":{"line":126,"column":5}},"type":"if","locations":[{"start":{"line":117,"column":4},"end":{"line":126,"column":5}},{"start":{},"end":{}}],"line":117},"22":{"loc":{"start":{"line":118,"column":22},"end":{"line":118,"column":64}},"type":"cond-expr","locations":[{"start":{"line":118,"column":46},"end":{"line":118,"column":48}},{"start":{"line":118,"column":51},"end":{"line":118,"column":64}}],"line":118},"23":{"loc":{"start":{"line":120,"column":8},"end":{"line":120,"column":64}},"type":"cond-expr","locations":[{"start":{"line":120,"column":35},"end":{"line":120,"column":45}},{"start":{"line":120,"column":48},"end":{"line":120,"column":64}}],"line":120},"24":{"loc":{"start":{"line":137,"column":16},"end":{"line":137,"column":41}},"type":"cond-expr","locations":[{"start":{"line":137,"column":21},"end":{"line":137,"column":29}},{"start":{"line":137,"column":32},"end":{"line":137,"column":41}}],"line":137},"25":{"loc":{"start":{"line":138,"column":20},"end":{"line":138,"column":62}},"type":"binary-expr","locations":[{"start":{"line":138,"column":20},"end":{"line":138,"column":35}},{"start":{"line":138,"column":39},"end":{"line":138,"column":62}}],"line":138},"26":{"loc":{"start":{"line":160,"column":12},"end":{"line":160,"column":49}},"type":"cond-expr","locations":[{"start":{"line":160,"column":37},"end":{"line":160,"column":44}},{"start":{"line":160,"column":47},"end":{"line":160,"column":49}}],"line":160},"27":{"loc":{"start":{"line":162,"column":16},"end":{"line":162,"column":42}},"type":"cond-expr","locations":[{"start":{"line":162,"column":24},"end":{"line":162,"column":35}},{"start":{"line":162,"column":38},"end":{"line":162,"column":42}}],"line":162},"28":{"loc":{"start":{"line":165,"column":2},"end":{"line":184,"column":3}},"type":"if","locations":[{"start":{"line":165,"column":2},"end":{"line":184,"column":3}},{"start":{},"end":{}}],"line":165},"29":{"loc":{"start":{"line":174,"column":8},"end":{"line":177,"column":9}},"type":"if","locations":[{"start":{"line":174,"column":8},"end":{"line":177,"column":9}},{"start":{},"end":{}}],"line":174},"30":{"loc":{"start":{"line":176,"column":10},"end":{"line":176,"column":26}},"type":"if","locations":[{"start":{"line":176,"column":10},"end":{"line":176,"column":26}},{"start":{},"end":{}}],"line":176},"31":{"loc":{"start":{"line":180,"column":6},"end":{"line":180,"column":33}},"type":"if","locations":[{"start":{"line":180,"column":6},"end":{"line":180,"column":33}},{"start":{},"end":{}}],"line":180},"32":{"loc":{"start":{"line":183,"column":10},"end":{"line":183,"column":68}},"type":"cond-expr","locations":[{"start":{"line":183,"column":41},"end":{"line":183,"column":62}},{"start":{"line":183,"column":65},"end":{"line":183,"column":68}}],"line":183},"33":{"loc":{"start":{"line":217,"column":5},"end":{"line":223,"column":12}},"type":"cond-expr","locations":[{"start":{"line":218,"column":8},"end":{"line":218,"column":11}},{"start":{"line":219,"column":8},"end":{"line":223,"column":12}}],"line":217},"34":{"loc":{"start":{"line":219,"column":8},"end":{"line":223,"column":12}},"type":"cond-expr","locations":[{"start":{"line":220,"column":8},"end":{"line":220,"column":20}},{"start":{"line":221,"column":8},"end":{"line":223,"column":12}}],"line":219},"35":{"loc":{"start":{"line":221,"column":8},"end":{"line":223,"column":12}},"type":"cond-expr","locations":[{"start":{"line":222,"column":8},"end":{"line":222,"column":41}},{"start":{"line":223,"column":8},"end":{"line":223,"column":12}}],"line":221},"36":{"loc":{"start":{"line":230,"column":10},"end":{"line":230,"column":71}},"type":"cond-expr","locations":[{"start":{"line":230,"column":51},"end":{"line":230,"column":65}},{"start":{"line":230,"column":68},"end":{"line":230,"column":71}}],"line":230},"37":{"loc":{"start":{"line":230,"column":10},"end":{"line":230,"column":48}},"type":"binary-expr","locations":[{"start":{"line":230,"column":10},"end":{"line":230,"column":33}},{"start":{"line":230,"column":37},"end":{"line":230,"column":48}}],"line":230},"38":{"loc":{"start":{"line":249,"column":2},"end":{"line":249,"column":17}},"type":"if","locations":[{"start":{"line":249,"column":2},"end":{"line":249,"column":17}},{"start":{},"end":{}}],"line":249},"39":{"loc":{"start":{"line":251,"column":2},"end":{"line":251,"column":61}},"type":"if","locations":[{"start":{"line":251,"column":2},"end":{"line":251,"column":61}},{"start":{},"end":{}}],"line":251},"40":{"loc":{"start":{"line":251,"column":6},"end":{"line":251,"column":37}},"type":"binary-expr","locations":[{"start":{"line":251,"column":6},"end":{"line":251,"column":14}},{"start":{"line":251,"column":18},"end":{"line":251,"column":26}},{"start":{"line":251,"column":30},"end":{"line":251,"column":37}}],"line":251}},"s":{"0":1,"1":1,"2":1,"3":3,"4":3,"5":3,"6":3,"7":3,"8":3,"9":3,"10":3,"11":3,"12":3,"13":3,"14":14,"15":5,"16":1,"17":9,"18":9,"19":9,"20":9,"21":13,"22":13,"23":13,"24":4,"25":4,"26":13,"27":13,"28":13,"29":13,"30":4,"31":4,"32":4,"33":0,"34":13,"35":13,"36":13,"37":13,"38":13,"39":13,"40":13,"41":13,"42":13,"43":13,"44":3,"45":3,"46":2,"47":3,"48":13,"49":13,"50":13,"51":13,"52":13,"53":13,"54":13,"55":13,"56":22,"57":22,"58":22,"59":22,"60":35,"61":35,"62":35,"63":9,"64":22,"65":13,"66":13,"67":13,"68":13,"69":13,"70":13,"71":6,"72":6,"73":6,"74":13,"75":1,"76":1,"77":0,"78":3,"79":0,"80":3,"81":0,"82":3},"f":{"0":3,"1":14,"2":2,"3":13,"4":13,"5":6,"6":1,"7":3},"b":{"0":[1,0],"1":[3,0],"2":[1,2],"3":[1,1],"4":[1,0],"5":[3,0],"6":[3,3],"7":[3,2],"8":[3,0],"9":[3,0],"10":[5,9],"11":[1,4],"12":[5,1],"13":[11,2],"14":[1,1],"15":[0,1],"16":[1,0],"17":[2,11],"18":[2,9],"19":[4,9],"20":[3,10],"21":[4,9],"22":[4,0],"23":[4,0],"24":[4,9],"25":[13,9],"26":[13,0],"27":[13,0],"28":[13,0],"29":[35,0],"30":[9,26],"31":[13,9],"32":[13,0],"33":[3,10],"34":[1,9],"35":[3,6],"36":[1,5],"37":[6,1],"38":[0,3],"39":[0,3],"40":[3,0,0]},"_coverageSchema":"1a1c01bbd47fc00a2c39e90264f33305004495a9","hash":"c45a85812b3b0d37da516b56e93667ffa7ef7ca4"}
}
