TN:
SF:eraro.js
FN:48,eraro
FN:72,(anonymous_1)
FN:145,(anonymous_2)
FN:159,callpoint
FN:205,buildmessage
FN:228,(anonymous_5)
FN:238,stringify
FN:248,originalmsg
FNF:8
FNH:8
FNDA:3,eraro
FNDA:14,(anonymous_1)
FNDA:2,(anonymous_2)
FNDA:13,callpoint
FNDA:13,buildmessage
FNDA:6,(anonymous_5)
FNDA:1,stringify
FNDA:3,originalmsg
DA:9,1
DA:13,1
DA:18,1
DA:49,3
DA:52,3
DA:60,3
DA:61,3
DA:62,3
DA:63,3
DA:65,3
DA:67,3
DA:68,3
DA:69,3
DA:72,3
DA:73,14
DA:74,5
DA:75,1
DA:78,9
DA:79,9
DA:80,9
DA:81,9
DA:84,13
DA:95,13
DA:98,13
DA:99,4
DA:100,4
DA:103,13
DA:104,13
DA:115,13
DA:117,13
DA:118,4
DA:119,4
DA:123,4
DA:124,0
DA:128,13
DA:130,13
DA:131,13
DA:132,13
DA:133,13
DA:134,13
DA:135,13
DA:137,13
DA:138,13
DA:140,13
DA:143,3
DA:145,3
DA:146,2
DA:149,3
DA:160,13
DA:162,13
DA:163,13
DA:165,13
DA:166,13
DA:167,13
DA:169,13
DA:170,22
DA:172,22
DA:173,22
DA:174,35
DA:175,35
DA:176,35
DA:180,22
DA:183,13
DA:186,13
DA:216,13
DA:226,13
DA:228,13
DA:229,6
DA:230,6
DA:232,6
DA:235,13
DA:239,1
DA:240,1
DA:244,0
DA:249,3
DA:251,3
DA:253,3
LF:77
LH:75
BRDA:13,0,0,1
BRDA:13,0,1,0
BRDA:49,1,0,3
BRDA:49,1,1,0
BRDA:52,2,0,1
BRDA:52,2,1,2
BRDA:54,3,0,1
BRDA:54,3,1,1
BRDA:56,4,0,1
BRDA:56,4,1,0
BRDA:60,5,0,3
BRDA:60,5,1,0
BRDA:61,6,0,3
BRDA:61,6,1,3
BRDA:62,7,0,3
BRDA:62,7,1,2
BRDA:63,8,0,3
BRDA:63,8,1,0
BRDA:68,9,0,3
BRDA:68,9,1,0
BRDA:73,10,0,5
BRDA:73,10,1,9
BRDA:74,11,0,1
BRDA:74,11,1,4
BRDA:74,12,0,5
BRDA:74,12,1,1
BRDA:85,13,0,11
BRDA:85,13,1,2
BRDA:87,14,0,1
BRDA:87,14,1,1
BRDA:88,15,0,0
BRDA:88,15,1,1
BRDA:90,16,0,1
BRDA:90,16,1,0
BRDA:96,17,0,2
BRDA:96,17,1,11
BRDA:96,18,0,2
BRDA:96,18,1,9
BRDA:98,19,0,4
BRDA:98,19,1,9
BRDA:103,20,0,3
BRDA:103,20,1,10
BRDA:117,21,0,4
BRDA:117,21,1,9
BRDA:118,22,0,4
BRDA:118,22,1,0
BRDA:120,23,0,4
BRDA:120,23,1,0
BRDA:137,24,0,4
BRDA:137,24,1,9
BRDA:138,25,0,13
BRDA:138,25,1,9
BRDA:160,26,0,13
BRDA:160,26,1,0
BRDA:162,27,0,13
BRDA:162,27,1,0
BRDA:165,28,0,13
BRDA:165,28,1,0
BRDA:174,29,0,35
BRDA:174,29,1,0
BRDA:176,30,0,9
BRDA:176,30,1,26
BRDA:180,31,0,13
BRDA:180,31,1,9
BRDA:183,32,0,13
BRDA:183,32,1,0
BRDA:217,33,0,3
BRDA:217,33,1,10
BRDA:219,34,0,1
BRDA:219,34,1,9
BRDA:221,35,0,3
BRDA:221,35,1,6
BRDA:230,36,0,1
BRDA:230,36,1,5
BRDA:230,37,0,6
BRDA:230,37,1,1
BRDA:249,38,0,0
BRDA:249,38,1,3
BRDA:251,39,0,0
BRDA:251,39,1,3
BRDA:251,40,0,3
BRDA:251,40,1,0
BRDA:251,40,2,0
BRF:83
BRH:64
end_of_record
