TN:
SF:eraro.js
FN:42,eraro
FN:66,(anonymous_1)
FN:139,(anonymous_2)
FN:153,callpoint
FN:199,buildmessage
FN:222,(anonymous_5)
FN:232,stringify
FN:242,originalmsg
FNF:8
FNH:8
FNDA:3,eraro
FNDA:14,(anonymous_1)
FNDA:2,(anonymous_2)
FNDA:13,callpoint
FNDA:13,buildmessage
FNDA:6,(anonymous_5)
FNDA:1,stringify
FNDA:3,originalmsg
DA:9,1
DA:12,1
DA:43,3
DA:46,3
DA:54,3
DA:55,3
DA:56,3
DA:57,3
DA:59,3
DA:61,3
DA:62,3
DA:63,3
DA:66,3
DA:67,14
DA:68,5
DA:69,1
DA:72,9
DA:73,9
DA:74,9
DA:75,9
DA:78,13
DA:89,13
DA:92,13
DA:93,4
DA:94,4
DA:97,13
DA:98,13
DA:109,13
DA:111,13
DA:112,4
DA:113,4
DA:117,4
DA:118,0
DA:122,13
DA:124,13
DA:125,13
DA:126,13
DA:127,13
DA:128,13
DA:129,13
DA:131,13
DA:132,13
DA:134,13
DA:137,3
DA:139,3
DA:140,2
DA:143,3
DA:154,13
DA:156,13
DA:157,13
DA:159,13
DA:160,13
DA:161,13
DA:163,13
DA:164,22
DA:166,22
DA:167,22
DA:168,35
DA:169,35
DA:170,35
DA:174,22
DA:177,13
DA:180,13
DA:210,13
DA:220,13
DA:222,13
DA:223,6
DA:224,6
DA:226,6
DA:229,13
DA:233,1
DA:234,1
DA:238,0
DA:243,3
DA:245,3
DA:247,3
LF:76
LH:74
BRDA:43,0,0,3
BRDA:43,0,1,0
BRDA:46,1,0,1
BRDA:46,1,1,2
BRDA:48,2,0,1
BRDA:48,2,1,1
BRDA:50,3,0,1
BRDA:50,3,1,0
BRDA:54,4,0,3
BRDA:54,4,1,0
BRDA:55,5,0,3
BRDA:55,5,1,3
BRDA:56,6,0,3
BRDA:56,6,1,2
BRDA:57,7,0,3
BRDA:57,7,1,0
BRDA:62,8,0,3
BRDA:62,8,1,0
BRDA:67,9,0,5
BRDA:67,9,1,9
BRDA:68,10,0,1
BRDA:68,10,1,4
BRDA:68,11,0,5
BRDA:68,11,1,1
BRDA:79,12,0,11
BRDA:79,12,1,2
BRDA:81,13,0,1
BRDA:81,13,1,1
BRDA:82,14,0,0
BRDA:82,14,1,1
BRDA:84,15,0,1
BRDA:84,15,1,0
BRDA:90,16,0,2
BRDA:90,16,1,11
BRDA:90,17,0,2
BRDA:90,17,1,9
BRDA:92,18,0,4
BRDA:92,18,1,9
BRDA:97,19,0,3
BRDA:97,19,1,10
BRDA:111,20,0,4
BRDA:111,20,1,9
BRDA:112,21,0,4
BRDA:112,21,1,0
BRDA:114,22,0,4
BRDA:114,22,1,0
BRDA:131,23,0,4
BRDA:131,23,1,9
BRDA:132,24,0,13
BRDA:132,24,1,9
BRDA:154,25,0,13
BRDA:154,25,1,0
BRDA:156,26,0,13
BRDA:156,26,1,0
BRDA:159,27,0,13
BRDA:159,27,1,0
BRDA:168,28,0,35
BRDA:168,28,1,0
BRDA:170,29,0,9
BRDA:170,29,1,26
BRDA:174,30,0,13
BRDA:174,30,1,9
BRDA:177,31,0,13
BRDA:177,31,1,0
BRDA:211,32,0,3
BRDA:211,32,1,10
BRDA:213,33,0,1
BRDA:213,33,1,9
BRDA:215,34,0,3
BRDA:215,34,1,6
BRDA:224,35,0,1
BRDA:224,35,1,5
BRDA:224,36,0,6
BRDA:224,36,1,1
BRDA:243,37,0,0
BRDA:243,37,1,3
BRDA:245,38,0,0
BRDA:245,38,1,3
BRDA:245,39,0,3
BRDA:245,39,1,0
BRDA:245,39,2,0
BRF:81
BRH:63
end_of_record
